[debug] [2024-04-29T14:56:25.251Z] ----------------------------------------------------------------------
[debug] [2024-04-29T14:56:25.254Z] Command:       C:\Program Files\nodejs\node.exe C:\Users\Sonali\AppData\Roaming\npm\node_modules\firebase-tools\lib\bin\firebase.js emulators:start
[debug] [2024-04-29T14:56:25.255Z] CLI Version:   11.29.1
[debug] [2024-04-29T14:56:25.255Z] Platform:      win32
[debug] [2024-04-29T14:56:25.255Z] Node Version:  v20.12.2
[debug] [2024-04-29T14:56:25.255Z] Time:          Mon Apr 29 2024 20:26:25 GMT+0530 (India Standard Time)
[debug] [2024-04-29T14:56:25.256Z] ----------------------------------------------------------------------
[debug] 
[debug] [2024-04-29T14:56:25.444Z] > command requires scopes: ["email","openid","https://www.googleapis.com/auth/cloudplatformprojects.readonly","https://www.googleapis.com/auth/firebase","https://www.googleapis.com/auth/cloud-platform"]
[debug] [2024-04-29T14:56:25.444Z] > authorizing via signed-in user (swapnilkurhade161094@gmail.com)
[info] i  emulators: Starting emulators: functions, hosting {"metadata":{"emulator":{"name":"hub"},"message":"Starting emulators: functions, hosting"}}
[debug] [2024-04-29T14:56:25.465Z] [logging] Logging Emulator only supports listening on one address (127.0.0.1). Not listening on ::1
[debug] [2024-04-29T14:56:25.466Z] [hosting] Hosting Emulator only supports listening on one address (127.0.0.1). Not listening on ::1
[debug] [2024-04-29T14:56:25.466Z] assigned listening specs for emulators {"user":{"hub":[{"address":"127.0.0.1","family":"IPv4","port":4400},{"address":"::1","family":"IPv6","port":4400}],"ui":[{"address":"127.0.0.1","family":"IPv4","port":4000},{"address":"::1","family":"IPv6","port":4000}],"logging":[{"address":"127.0.0.1","family":"IPv4","port":4500}],"hosting":[{"address":"127.0.0.1","family":"IPv4","port":5000}]},"metadata":{"message":"assigned listening specs for emulators"}}
[debug] [2024-04-29T14:56:25.487Z] [hub] writing locator at C:\Users\Sonali\AppData\Local\Temp\hub-amaz-clone-6c75c.json
[debug] [2024-04-29T14:56:25.560Z] [functions] Functions Emulator only supports listening on one address (127.0.0.1). Not listening on ::1
[debug] [2024-04-29T14:56:25.560Z] [eventarc] Eventarc Emulator only supports listening on one address (127.0.0.1). Not listening on ::1
[debug] [2024-04-29T14:56:25.561Z] late-assigned ports for functions and eventarc emulators {"user":{"hub":[{"address":"127.0.0.1","family":"IPv4","port":4400},{"address":"::1","family":"IPv6","port":4400}],"ui":[{"address":"127.0.0.1","family":"IPv4","port":4000},{"address":"::1","family":"IPv6","port":4000}],"logging":[{"address":"127.0.0.1","family":"IPv4","port":4500}],"hosting":[{"address":"127.0.0.1","family":"IPv4","port":5000}],"functions":[{"address":"127.0.0.1","family":"IPv4","port":5001}],"eventarc":[{"address":"127.0.0.1","family":"IPv4","port":9299}]},"metadata":{"message":"late-assigned ports for functions and eventarc emulators"}}
[warn] !  functions: The following emulators are not running, calls to these services from the Functions emulator will affect production: auth, firestore, database, pubsub, storage {"metadata":{"emulator":{"name":"functions"},"message":"The following emulators are not running, calls to these services from the Functions emulator will affect production: \u001b[1mauth, firestore, database, pubsub, storage\u001b[22m"}}
[debug] [2024-04-29T14:56:25.568Z] defaultcredentials: writing to file C:\Users\Sonali\AppData\Roaming\firebase\swapnilkurhade161094_gmail_com_application_default_credentials.json
[debug] [2024-04-29T14:56:25.574Z] Setting GAC to C:\Users\Sonali\AppData\Roaming\firebase\swapnilkurhade161094_gmail_com_application_default_credentials.json {"metadata":{"emulator":{"name":"functions"},"message":"Setting GAC to C:\\Users\\Sonali\\AppData\\Roaming\\firebase\\swapnilkurhade161094_gmail_com_application_default_credentials.json"}}
[debug] [2024-04-29T14:56:25.577Z] >>> [apiv2][query] GET https://firebase.googleapis.com/v1beta1/projects/amaz-clone-6c75c/adminSdkConfig [none]
[debug] [2024-04-29T14:56:26.158Z] <<< [apiv2][status] GET https://firebase.googleapis.com/v1beta1/projects/amaz-clone-6c75c/adminSdkConfig 200
[debug] [2024-04-29T14:56:26.158Z] <<< [apiv2][body] GET https://firebase.googleapis.com/v1beta1/projects/amaz-clone-6c75c/adminSdkConfig {"projectId":"amaz-clone-6c75c","storageBucket":"amaz-clone-6c75c.appspot.com"}
[debug] [2024-04-29T14:56:26.216Z] >>> [apiv2][query] GET https://firebasehosting.googleapis.com/v1beta1/projects/amaz-clone-6c75c/sites 
[debug] [2024-04-29T14:56:27.653Z] <<< [apiv2][status] GET https://firebasehosting.googleapis.com/v1beta1/projects/amaz-clone-6c75c/sites 200
[debug] [2024-04-29T14:56:27.653Z] <<< [apiv2][body] GET https://firebasehosting.googleapis.com/v1beta1/projects/amaz-clone-6c75c/sites {"sites":[{"name":"projects/amaz-clone-6c75c/sites/amaz-clone-6c75c","defaultUrl":"https://amaz-clone-6c75c.web.app","appId":"1:620291506991:web:48a51c9de7e3ba5a3d17da","type":"DEFAULT_SITE"}]}
[debug] [2024-04-29T14:56:27.653Z] >>> [apiv2][query] GET https://firebase.googleapis.com/v1beta1/projects/amaz-clone-6c75c/webApps/1:620291506991:web:48a51c9de7e3ba5a3d17da/config [none]
[debug] [2024-04-29T14:56:28.516Z] <<< [apiv2][status] GET https://firebase.googleapis.com/v1beta1/projects/amaz-clone-6c75c/webApps/1:620291506991:web:48a51c9de7e3ba5a3d17da/config 200
[debug] [2024-04-29T14:56:28.516Z] <<< [apiv2][body] GET https://firebase.googleapis.com/v1beta1/projects/amaz-clone-6c75c/webApps/1:620291506991:web:48a51c9de7e3ba5a3d17da/config {"projectId":"amaz-clone-6c75c","appId":"1:620291506991:web:48a51c9de7e3ba5a3d17da","storageBucket":"amaz-clone-6c75c.appspot.com","apiKey":"AIzaSyCypAofcH5pWKUrqr4Px87mcEqXkatG2SI","authDomain":"amaz-clone-6c75c.firebaseapp.com","messagingSenderId":"620291506991","measurementId":"G-5GEVQC7C1Z"}
[debug] [2024-04-29T14:56:28.526Z] >>> [apiv2][query] GET https://firebase.googleapis.com/v1beta1/projects/amaz-clone-6c75c [none]
[debug] [2024-04-29T14:56:29.047Z] <<< [apiv2][status] GET https://firebase.googleapis.com/v1beta1/projects/amaz-clone-6c75c 200
[debug] [2024-04-29T14:56:29.048Z] <<< [apiv2][body] GET https://firebase.googleapis.com/v1beta1/projects/amaz-clone-6c75c {"projectId":"amaz-clone-6c75c","projectNumber":"620291506991","displayName":"amaz-clone","name":"projects/amaz-clone-6c75c","resources":{"hostingSite":"amaz-clone-6c75c"},"state":"ACTIVE","etag":"1_ef7066f9-b741-4edc-b643-20f55ceadc48"}
[info] i  hosting[amaz-clone-6c75c]: Serving hosting files from: build {"metadata":{"emulator":{"name":"hosting"},"message":"Serving hosting files from: \u001b[1mbuild\u001b[22m"}}
[info] +  hosting[amaz-clone-6c75c]: Local server: http://127.0.0.1:5000 {"metadata":{"emulator":{"name":"hosting"},"message":"Local server: \u001b[4m\u001b[1mhttp://127.0.0.1:5000\u001b[22m\u001b[24m"}}
[info] i  ui: downloading ui-v1.11.5.zip... {"metadata":{"emulator":{"name":"ui"},"message":"downloading ui-v1.11.5.zip..."}}
[debug] [2024-04-29T14:56:29.120Z] >>> [apiv2][query] GET https://storage.googleapis.com/firebase-preview-drop/emulator/ui-v1.11.5.zip 
[debug] [2024-04-29T14:56:29.664Z] <<< [apiv2][status] GET https://storage.googleapis.com/firebase-preview-drop/emulator/ui-v1.11.5.zip 200
[debug] [2024-04-29T14:56:29.664Z] <<< [apiv2][body] GET https://storage.googleapis.com/firebase-preview-drop/emulator/ui-v1.11.5.zip [stream]
[info] i  ui: Removing outdated emulator files: ui-v1.11.8 {"metadata":{"emulator":{"name":"ui"},"message":"Removing outdated emulator files: ui-v1.11.8"}}
[info] i  ui: Removing outdated emulator files: ui-v1.11.8.zip {"metadata":{"emulator":{"name":"ui"},"message":"Removing outdated emulator files: ui-v1.11.8.zip"}}
[debug] [2024-04-29T14:56:35.934Z] Ignoring unsupported arg: auto_download {"metadata":{"emulator":{"name":"ui"},"message":"Ignoring unsupported arg: auto_download"}}
[debug] [2024-04-29T14:56:35.934Z] Ignoring unsupported arg: port {"metadata":{"emulator":{"name":"ui"},"message":"Ignoring unsupported arg: port"}}
[debug] [2024-04-29T14:56:35.935Z] Starting Emulator UI with command {"binary":"node","args":["C:\\Users\\Sonali\\.cache\\firebase\\emulators\\ui-v1.11.5\\server\\server.js"],"optionalArgs":[],"joinArgs":false} {"metadata":{"emulator":{"name":"ui"},"message":"Starting Emulator UI with command {\"binary\":\"node\",\"args\":[\"C:\\\\Users\\\\Sonali\\\\.cache\\\\firebase\\\\emulators\\\\ui-v1.11.5\\\\server\\\\server.js\"],\"optionalArgs\":[],\"joinArgs\":false}"}}
[info] i  ui: Emulator UI logging to ui-debug.log {"metadata":{"emulator":{"name":"ui"},"message":"Emulator UI logging to \u001b[1mui-debug.log\u001b[22m"}}
[debug] [2024-04-29T14:56:36.150Z] Web / API server started at 127.0.0.1:4000
 {"metadata":{"emulator":{"name":"ui"},"message":"Web / API server started at 127.0.0.1:4000\n"}}
[debug] [2024-04-29T14:56:36.151Z] Web / API server started at ::1:4000
 {"metadata":{"emulator":{"name":"ui"},"message":"Web / API server started at ::1:4000\n"}}
[info] i  functions: Watching "F:\PortFolio\React\amazon\functions" for Cloud Functions... {"metadata":{"emulator":{"name":"functions"},"message":"Watching \"F:\\PortFolio\\React\\amazon\\functions\" for Cloud Functions..."}}
[debug] [2024-04-29T14:56:36.228Z] Validating nodejs source
[debug] [2024-04-29T14:56:38.583Z] > [functions] package.json contents: {
  "name": "functions",
  "description": "Cloud Functions for Firebase",
  "scripts": {
    "lint": "eslint .",
    "serve": "firebase emulators:start --only functions",
    "shell": "firebase functions:shell",
    "start": "npm run shell",
    "deploy": "firebase deploy --only functions",
    "logs": "firebase functions:log"
  },
  "engines": {
    "node": "18"
  },
  "main": "index.js",
  "dependencies": {
    "cors": "^2.8.5",
    "express": "^4.19.2",
    "firebase-admin": "^11.8.0",
    "firebase-functions": "^4.9.0",
    "stripe": "^15.4.0"
  },
  "devDependencies": {
    "eslint": "^8.15.0",
    "eslint-config-google": "^0.14.0",
    "firebase-functions-test": "^3.1.0"
  },
  "private": true
}
[debug] [2024-04-29T14:56:38.584Z] Building nodejs source
[debug] [2024-04-29T14:56:38.584Z] Failed to find version of module node: reached end of search path F:\PortFolio\React\amazon\functions\node_modules
[warn] !  functions: Your requested "node" version "18" doesn't match your global version "20". Using node@20 from host. 
[debug] [2024-04-29T14:56:38.589Z] Could not find functions.yaml. Must use http discovery
[debug] [2024-04-29T14:56:38.603Z] Found firebase-functions binary at 'F:\PortFolio\React\amazon\functions\node_modules\.bin\firebase-functions'
[debug] [2024-04-29T14:56:44.456Z] Serving at port 8445

[debug] [2024-04-29T14:56:52.015Z] Got response from /__/functions.yaml {"endpoints":{"api":{"platform":"gcfv1","availableMemoryMb":null,"timeoutSeconds":null,"minInstances":null,"maxInstances":null,"ingressSettings":null,"serviceAccountEmail":null,"vpc":null,"httpsTrigger":{},"entryPoint":"api"}},"specVersion":"v1alpha1","requiredAPIs":[]}
[info] +  functions: Loaded functions definitions from source: api. {"metadata":{"emulator":{"name":"functions"},"message":"Loaded functions definitions from source: api."}}
[info] +  functions[us-central1-api]: http function initialized (http://127.0.0.1:5001/amaz-clone-6c75c/us-central1/api). {"metadata":{"emulator":{"name":"functions"},"message":"\u001b[1mhttp\u001b[22m function initialized (http://127.0.0.1:5001/amaz-clone-6c75c/us-central1/api)."}}
[info] 
┌─────────────────────────────────────────────────────────────┐
│ ✔  All emulators ready! It is now safe to connect your app. │
│ i  View Emulator UI at http://127.0.0.1:4000/               │
└─────────────────────────────────────────────────────────────┘

┌───────────┬────────────────┬─────────────────────────────────┐
│ Emulator  │ Host:Port      │ View in Emulator UI             │
├───────────┼────────────────┼─────────────────────────────────┤
│ Functions │ 127.0.0.1:5001 │ http://127.0.0.1:4000/functions │
├───────────┼────────────────┼─────────────────────────────────┤
│ Hosting   │ 127.0.0.1:5000 │ n/a                             │
└───────────┴────────────────┴─────────────────────────────────┘
  Emulator Hub running at 127.0.0.1:4400
  Other reserved ports: 4500

Issues? Report them at https://github.com/firebase/firebase-tools/issues and attach the *-debug.log files.
 
[debug] [2024-04-29T14:57:03.955Z] [work-queue] {"queuedWork":["/amaz-clone-6c75c/us-central1/api-2024-04-29T14:57:03.955Z"],"queueLength":1,"runningWork":[],"workRunningCount":0}
[debug] [2024-04-29T14:57:03.956Z] [work-queue] {"queuedWork":[],"queueLength":0,"runningWork":["/amaz-clone-6c75c/us-central1/api-2024-04-29T14:57:03.955Z"],"workRunningCount":1}
[debug] [2024-04-29T14:57:03.956Z] Accepted request GET /amaz-clone-6c75c/us-central1/api --> us-central1-api
[debug] [2024-04-29T14:57:03.965Z] [functions] Runtime ready! Sending request! {"metadata":{"emulator":{"name":"functions"},"message":"[functions] Runtime ready! Sending request!"}}
[debug] [2024-04-29T14:57:03.966Z] [functions] Got req.url=/amaz-clone-6c75c/us-central1/api, mapping to path=/ {"metadata":{"emulator":{"name":"functions"},"message":"[functions] Got req.url=/amaz-clone-6c75c/us-central1/api, mapping to path=/"}}
[debug] [2024-04-29T14:57:03.984Z] [worker-pool] addWorker(us-central1-api) {"metadata":{"emulator":{"name":"functions"},"message":"[worker-pool] addWorker(us-central1-api)"}}
[debug] [2024-04-29T14:57:03.986Z] [worker-pool] Adding worker with key us-central1-api, total=1 {"metadata":{"emulator":{"name":"functions"},"message":"[worker-pool] Adding worker with key us-central1-api, total=1"}}
[debug] [2024-04-29T14:57:06.202Z] [runtime-status] [2340] Resolved module firebase-admin {"declared":true,"installed":true,"version":"11.11.1","resolution":"F:\\PortFolio\\React\\amazon\\functions\\node_modules\\firebase-admin\\lib\\index.js"} {"metadata":{"emulator":{"name":"functions"},"function":{"name":"us-central1-api"},"extension":{},"message":"[runtime-status] [2340] Resolved module firebase-admin {\"declared\":true,\"installed\":true,\"version\":\"11.11.1\",\"resolution\":\"F:\\\\PortFolio\\\\React\\\\amazon\\\\functions\\\\node_modules\\\\firebase-admin\\\\lib\\\\index.js\"}"}}
[debug] [2024-04-29T14:57:06.204Z] [runtime-status] [2340] Resolved module firebase-functions {"declared":true,"installed":true,"version":"4.9.0","resolution":"F:\\PortFolio\\React\\amazon\\functions\\node_modules\\firebase-functions\\lib\\v1\\index.js"} {"metadata":{"emulator":{"name":"functions"},"function":{"name":"us-central1-api"},"extension":{},"message":"[runtime-status] [2340] Resolved module firebase-functions {\"declared\":true,\"installed\":true,\"version\":\"4.9.0\",\"resolution\":\"F:\\\\PortFolio\\\\React\\\\amazon\\\\functions\\\\node_modules\\\\firebase-functions\\\\lib\\\\v1\\\\index.js\"}"}}
[debug] [2024-04-29T14:57:06.204Z] [runtime-status] [2340] Outgoing network have been stubbed. [{"name":"http","status":"mocked"},{"name":"http","status":"mocked"},{"name":"https","status":"mocked"},{"name":"https","status":"mocked"},{"name":"net","status":"mocked"}] {"metadata":{"emulator":{"name":"functions"},"function":{"name":"us-central1-api"},"extension":{},"message":"[runtime-status] [2340] Outgoing network have been stubbed. [{\"name\":\"http\",\"status\":\"mocked\"},{\"name\":\"http\",\"status\":\"mocked\"},{\"name\":\"https\",\"status\":\"mocked\"},{\"name\":\"https\",\"status\":\"mocked\"},{\"name\":\"net\",\"status\":\"mocked\"}]"}}
[debug] [2024-04-29T14:57:06.206Z] [runtime-status] [2340] Resolved module firebase-functions {"declared":true,"installed":true,"version":"4.9.0","resolution":"F:\\PortFolio\\React\\amazon\\functions\\node_modules\\firebase-functions\\lib\\v1\\index.js"} {"metadata":{"emulator":{"name":"functions"},"function":{"name":"us-central1-api"},"extension":{},"message":"[runtime-status] [2340] Resolved module firebase-functions {\"declared\":true,\"installed\":true,\"version\":\"4.9.0\",\"resolution\":\"F:\\\\PortFolio\\\\React\\\\amazon\\\\functions\\\\node_modules\\\\firebase-functions\\\\lib\\\\v1\\\\index.js\"}"}}
[debug] [2024-04-29T14:57:06.603Z] [runtime-status] [2340] Checked functions.config() {"config":{}} {"metadata":{"emulator":{"name":"functions"},"function":{"name":"us-central1-api"},"extension":{},"message":"[runtime-status] [2340] Checked functions.config() {\"config\":{}}"}}
[debug] [2024-04-29T14:57:06.603Z] [runtime-status] [2340] firebase-functions has been stubbed. {"functionsResolution":{"declared":true,"installed":true,"version":"4.9.0","resolution":"F:\\PortFolio\\React\\amazon\\functions\\node_modules\\firebase-functions\\lib\\v1\\index.js"}} {"metadata":{"emulator":{"name":"functions"},"function":{"name":"us-central1-api"},"extension":{},"message":"[runtime-status] [2340] firebase-functions has been stubbed. {\"functionsResolution\":{\"declared\":true,\"installed\":true,\"version\":\"4.9.0\",\"resolution\":\"F:\\\\PortFolio\\\\React\\\\amazon\\\\functions\\\\node_modules\\\\firebase-functions\\\\lib\\\\v1\\\\index.js\"}}"}}
[debug] [2024-04-29T14:57:06.603Z] [runtime-status] [2340] Resolved module firebase-functions {"declared":true,"installed":true,"version":"4.9.0","resolution":"F:\\PortFolio\\React\\amazon\\functions\\node_modules\\firebase-functions\\lib\\v1\\index.js"} {"metadata":{"emulator":{"name":"functions"},"function":{"name":"us-central1-api"},"extension":{},"message":"[runtime-status] [2340] Resolved module firebase-functions {\"declared\":true,\"installed\":true,\"version\":\"4.9.0\",\"resolution\":\"F:\\\\PortFolio\\\\React\\\\amazon\\\\functions\\\\node_modules\\\\firebase-functions\\\\lib\\\\v1\\\\index.js\"}"}}
[debug] [2024-04-29T14:57:06.603Z] [runtime-status] [2340] Resolved module firebase-admin {"declared":true,"installed":true,"version":"11.11.1","resolution":"F:\\PortFolio\\React\\amazon\\functions\\node_modules\\firebase-admin\\lib\\index.js"} {"metadata":{"emulator":{"name":"functions"},"function":{"name":"us-central1-api"},"extension":{},"message":"[runtime-status] [2340] Resolved module firebase-admin {\"declared\":true,\"installed\":true,\"version\":\"11.11.1\",\"resolution\":\"F:\\\\PortFolio\\\\React\\\\amazon\\\\functions\\\\node_modules\\\\firebase-admin\\\\lib\\\\index.js\"}"}}
[debug] [2024-04-29T14:57:06.688Z] [runtime-status] [2340] Resolved module firebase-functions {"declared":true,"installed":true,"version":"4.9.0","resolution":"F:\\PortFolio\\React\\amazon\\functions\\node_modules\\firebase-functions\\lib\\v1\\index.js"} {"metadata":{"emulator":{"name":"functions"},"function":{"name":"us-central1-api"},"extension":{},"message":"[runtime-status] [2340] Resolved module firebase-functions {\"declared\":true,\"installed\":true,\"version\":\"4.9.0\",\"resolution\":\"F:\\\\PortFolio\\\\React\\\\amazon\\\\functions\\\\node_modules\\\\firebase-functions\\\\lib\\\\v1\\\\index.js\"}"}}
[debug] [2024-04-29T14:57:06.690Z] [runtime-status] [2340] firebase-admin has been stubbed. {"adminResolution":{"declared":true,"installed":true,"version":"11.11.1","resolution":"F:\\PortFolio\\React\\amazon\\functions\\node_modules\\firebase-admin\\lib\\index.js"}} {"metadata":{"emulator":{"name":"functions"},"function":{"name":"us-central1-api"},"extension":{},"message":"[runtime-status] [2340] firebase-admin has been stubbed. {\"adminResolution\":{\"declared\":true,\"installed\":true,\"version\":\"11.11.1\",\"resolution\":\"F:\\\\PortFolio\\\\React\\\\amazon\\\\functions\\\\node_modules\\\\firebase-admin\\\\lib\\\\index.js\"}}"}}
[debug] [2024-04-29T14:57:06.998Z] [runtime-status] [2340] Functions runtime initialized. {"cwd":"F:\\PortFolio\\React\\amazon\\functions","node_version":"20.12.2"} {"metadata":{"emulator":{"name":"functions"},"function":{"name":"us-central1-api"},"extension":{},"message":"[runtime-status] [2340] Functions runtime initialized. {\"cwd\":\"F:\\\\PortFolio\\\\React\\\\amazon\\\\functions\",\"node_version\":\"20.12.2\"}"}}
[debug] [2024-04-29T14:57:06.998Z] [runtime-status] [2340] Listening to port: \\?\pipe\fire_emu_822dce126368ead5 {"metadata":{"emulator":{"name":"functions"},"function":{"name":"us-central1-api"},"extension":{},"message":"[runtime-status] [2340] Listening to port: \\\\?\\pipe\\fire_emu_822dce126368ead5"}}
[debug] [2024-04-29T14:57:07.023Z] [worker-us-central1-api-c196b718-bf1a-4aaf-8432-8934de14f51b]: IDLE {"metadata":{"emulator":{"name":"functions"},"function":{"name":"us-central1-api"},"extension":{},"message":"[worker-us-central1-api-c196b718-bf1a-4aaf-8432-8934de14f51b]: IDLE"}}
[debug] [2024-04-29T14:57:07.024Z] [worker-pool] submitRequest(triggerId=us-central1-api) {"metadata":{"emulator":{"name":"functions"},"message":"[worker-pool] submitRequest(triggerId=us-central1-api)"}}
[info] i  functions: Beginning execution of "us-central1-api" {"metadata":{"emulator":{"name":"functions"},"function":{"name":"us-central1-api"},"extension":{},"message":"Beginning execution of \"us-central1-api\""}}
[debug] [2024-04-29T14:57:07.025Z] [worker-us-central1-api-c196b718-bf1a-4aaf-8432-8934de14f51b]: BUSY {"metadata":{"emulator":{"name":"functions"},"function":{"name":"us-central1-api"},"extension":{},"message":"[worker-us-central1-api-c196b718-bf1a-4aaf-8432-8934de14f51b]: BUSY"}}
[info] i  functions: Finished "us-central1-api" in 13.1736ms {"metadata":{"emulator":{"name":"functions"},"function":{"name":"us-central1-api"},"extension":{},"message":"Finished \"us-central1-api\" in 13.1736ms"}}
[debug] [2024-04-29T14:57:07.039Z] [worker-us-central1-api-c196b718-bf1a-4aaf-8432-8934de14f51b]: IDLE {"metadata":{"emulator":{"name":"functions"},"function":{"name":"us-central1-api"},"extension":{},"message":"[worker-us-central1-api-c196b718-bf1a-4aaf-8432-8934de14f51b]: IDLE"}}
[debug] [2024-04-29T14:57:07.040Z] [work-queue] {"queuedWork":[],"queueLength":0,"runningWork":[],"workRunningCount":0}
[debug] [2024-04-29T16:01:50.499Z] [work-queue] {"queuedWork":["/amaz-clone-6c75c/us-central1/api-2024-04-29T16:01:50.498Z"],"queueLength":1,"runningWork":[],"workRunningCount":0}
[debug] [2024-04-29T16:01:50.502Z] [work-queue] {"queuedWork":[],"queueLength":0,"runningWork":["/amaz-clone-6c75c/us-central1/api-2024-04-29T16:01:50.498Z"],"workRunningCount":1}
[debug] [2024-04-29T16:01:50.502Z] Accepted request GET /amaz-clone-6c75c/us-central1/api --> us-central1-api
[debug] [2024-04-29T16:01:50.512Z] [functions] Runtime ready! Sending request! {"metadata":{"emulator":{"name":"functions"},"message":"[functions] Runtime ready! Sending request!"}}
[debug] [2024-04-29T16:01:50.512Z] [functions] Got req.url=/amaz-clone-6c75c/us-central1/api, mapping to path=/ {"metadata":{"emulator":{"name":"functions"},"message":"[functions] Got req.url=/amaz-clone-6c75c/us-central1/api, mapping to path=/"}}
[debug] [2024-04-29T16:01:50.512Z] [worker-pool] submitRequest(triggerId=us-central1-api) {"metadata":{"emulator":{"name":"functions"},"message":"[worker-pool] submitRequest(triggerId=us-central1-api)"}}
[info] i  functions: Beginning execution of "us-central1-api" {"metadata":{"emulator":{"name":"functions"},"function":{"name":"us-central1-api"},"extension":{},"message":"Beginning execution of \"us-central1-api\""}}
[debug] [2024-04-29T16:01:50.514Z] [worker-us-central1-api-c196b718-bf1a-4aaf-8432-8934de14f51b]: BUSY {"metadata":{"emulator":{"name":"functions"},"function":{"name":"us-central1-api"},"extension":{},"message":"[worker-us-central1-api-c196b718-bf1a-4aaf-8432-8934de14f51b]: BUSY"}}
[info] i  functions: Finished "us-central1-api" in 7.5928ms {"metadata":{"emulator":{"name":"functions"},"function":{"name":"us-central1-api"},"extension":{},"message":"Finished \"us-central1-api\" in 7.5928ms"}}
[debug] [2024-04-29T16:01:50.523Z] [worker-us-central1-api-c196b718-bf1a-4aaf-8432-8934de14f51b]: IDLE {"metadata":{"emulator":{"name":"functions"},"function":{"name":"us-central1-api"},"extension":{},"message":"[worker-us-central1-api-c196b718-bf1a-4aaf-8432-8934de14f51b]: IDLE"}}
[debug] [2024-04-29T16:01:50.523Z] [work-queue] {"queuedWork":[],"queueLength":0,"runningWork":[],"workRunningCount":0}
[debug] [2024-04-29T16:01:54.258Z] [work-queue] {"queuedWork":["/amaz-clone-6c75c/us-central1/api-2024-04-29T16:01:54.258Z"],"queueLength":1,"runningWork":[],"workRunningCount":0}
[debug] [2024-04-29T16:01:54.259Z] [work-queue] {"queuedWork":[],"queueLength":0,"runningWork":["/amaz-clone-6c75c/us-central1/api-2024-04-29T16:01:54.258Z"],"workRunningCount":1}
[debug] [2024-04-29T16:01:54.259Z] Accepted request GET /amaz-clone-6c75c/us-central1/api --> us-central1-api
[debug] [2024-04-29T16:01:54.265Z] [functions] Runtime ready! Sending request! {"metadata":{"emulator":{"name":"functions"},"message":"[functions] Runtime ready! Sending request!"}}
[debug] [2024-04-29T16:01:54.266Z] [functions] Got req.url=/amaz-clone-6c75c/us-central1/api, mapping to path=/ {"metadata":{"emulator":{"name":"functions"},"message":"[functions] Got req.url=/amaz-clone-6c75c/us-central1/api, mapping to path=/"}}
[debug] [2024-04-29T16:01:54.266Z] [worker-pool] submitRequest(triggerId=us-central1-api) {"metadata":{"emulator":{"name":"functions"},"message":"[worker-pool] submitRequest(triggerId=us-central1-api)"}}
[info] i  functions: Beginning execution of "us-central1-api" {"metadata":{"emulator":{"name":"functions"},"function":{"name":"us-central1-api"},"extension":{},"message":"Beginning execution of \"us-central1-api\""}}
[debug] [2024-04-29T16:01:54.267Z] [worker-us-central1-api-c196b718-bf1a-4aaf-8432-8934de14f51b]: BUSY {"metadata":{"emulator":{"name":"functions"},"function":{"name":"us-central1-api"},"extension":{},"message":"[worker-us-central1-api-c196b718-bf1a-4aaf-8432-8934de14f51b]: BUSY"}}
[info] i  functions: Finished "us-central1-api" in 4.5975ms {"metadata":{"emulator":{"name":"functions"},"function":{"name":"us-central1-api"},"extension":{},"message":"Finished \"us-central1-api\" in 4.5975ms"}}
[debug] [2024-04-29T16:01:54.272Z] [worker-us-central1-api-c196b718-bf1a-4aaf-8432-8934de14f51b]: IDLE {"metadata":{"emulator":{"name":"functions"},"function":{"name":"us-central1-api"},"extension":{},"message":"[worker-us-central1-api-c196b718-bf1a-4aaf-8432-8934de14f51b]: IDLE"}}
[debug] [2024-04-29T16:01:54.273Z] [work-queue] {"queuedWork":[],"queueLength":0,"runningWork":[],"workRunningCount":0}
